TN:
SF:src/App.jsx
FN:15,App
FNF:1
FNH:1
FNDA:8,App
DA:16,8
LF:1
LH:1
BRF:0
BRH:0
end_of_record
TN:
SF:src/index.css
FNF:0
FNH:0
LF:0
LH:0
BRF:0
BRH:0
end_of_record
TN:
SF:src/main.jsx
FNF:0
FNH:0
DA:7,2
LF:1
LH:1
BRF:0
BRH:0
end_of_record
TN:
SF:src/components/ContactForm.jsx
FN:7,ContactForm
FN:12,(anonymous_1)
FN:13,(anonymous_2)
FN:16,(anonymous_3)
FN:24,(anonymous_4)
FNF:5
FNH:4
FNDA:405,ContactForm
FNDA:371,(anonymous_1)
FNDA:371,(anonymous_2)
FNDA:8,(anonymous_3)
FNDA:0,(anonymous_4)
DA:5,5
DA:8,405
DA:9,405
DA:10,405
DA:12,405
DA:13,371
DA:16,405
DA:17,8
DA:18,8
DA:19,8
DA:20,8
DA:21,8
DA:22,4
DA:23,4
DA:24,4
DA:26,4
DA:27,4
DA:28,2
DA:33,405
LF:19
LH:19
BRDA:27,0,0,2
BRDA:27,0,1,2
BRDA:28,1,0,2
BRDA:28,1,1,0
BRDA:50,2,0,405
BRDA:50,2,1,1
BRDA:66,3,0,405
BRDA:66,3,1,2
BRDA:99,4,0,405
BRDA:99,4,1,1
BRDA:116,5,0,405
BRDA:116,5,1,2
BRDA:123,6,0,3
BRDA:123,6,1,402
BRDA:125,7,0,405
BRDA:125,7,1,8
BRDA:130,8,0,405
BRDA:130,8,1,3
BRDA:135,9,0,405
BRDA:135,9,1,397
BRDA:135,9,2,394
BRDA:142,10,0,405
BRDA:142,10,1,4
BRDA:142,10,2,2
BRF:24
BRH:23
end_of_record
TN:
SF:src/components/Faq.jsx
FN:4,Faq
FN:9,(anonymous_1)
FN:16,(anonymous_2)
FNF:3
FNH:2
FNDA:13,Faq
FNDA:39,(anonymous_1)
FNDA:0,(anonymous_2)
DA:5,13
DA:7,13
DA:10,39
DA:11,39
DA:16,0
LF:5
LH:4
BRDA:16,0,0,0
BRDA:16,0,1,0
BRDA:25,1,0,0
BRDA:25,1,1,39
BRDA:28,2,0,39
BRDA:28,2,1,0
BRF:6
BRH:2
end_of_record
TN:
SF:src/components/FeaturedProductCard.jsx
FN:6,getFeaturedImage
FN:11,(anonymous_1)
FN:15,isRecentlyAdded
FN:23,FeaturedProductCard
FNF:4
FNH:4
FNDA:12,getFeaturedImage
FNDA:4,(anonymous_1)
FNDA:12,isRecentlyAdded
FNDA:12,FeaturedProductCard
DA:7,12
DA:8,12
DA:9,10
DA:11,4
DA:12,2
DA:16,12
DA:17,11
DA:18,11
DA:19,11
DA:20,11
DA:24,12
DA:25,12
DA:27,12
LF:13
LH:13
BRDA:7,0,0,12
BRDA:7,0,1,0
BRDA:8,1,0,10
BRDA:8,1,1,2
BRDA:12,2,0,1
BRDA:12,2,1,1
BRDA:16,3,0,1
BRDA:16,3,1,11
BRDA:38,4,0,12
BRDA:38,4,1,10
BRDA:45,5,0,12
BRDA:45,5,1,11
BRDA:53,6,0,12
BRDA:53,6,1,11
BRF:14
BRH:13
end_of_record
TN:
SF:src/components/Footer.jsx
FN:18,Footer
FN:33,(anonymous_1)
FN:34,(anonymous_2)
FN:71,(anonymous_3)
FNF:4
FNH:4
FNDA:10,Footer
FNDA:1,(anonymous_1)
FNDA:1,(anonymous_2)
FNDA:50,(anonymous_3)
DA:4,4
DA:10,4
DA:19,10
DA:33,1
DA:34,1
DA:72,50
LF:6
LH:6
BRF:0
BRH:0
end_of_record
TN:
SF:src/components/Header.jsx
FN:18,Header
FN:22,(anonymous_1)
FN:34,(anonymous_2)
FN:56,(anonymous_3)
FN:57,(anonymous_4)
FN:66,(anonymous_5)
FN:79,(anonymous_6)
FN:83,(anonymous_7)
FN:97,(anonymous_8)
FNF:9
FNH:8
FNDA:18,Header
FNDA:190,(anonymous_1)
FNDA:90,(anonymous_2)
FNDA:1,(anonymous_3)
FNDA:1,(anonymous_4)
FNDA:3,(anonymous_5)
FNDA:10,(anonymous_6)
FNDA:1,(anonymous_7)
FNDA:0,(anonymous_8)
DA:5,4
DA:10,4
DA:19,18
DA:20,18
DA:22,190
DA:24,18
DA:35,90
DA:56,1
DA:57,1
DA:66,3
DA:80,10
DA:83,1
DA:97,0
LF:13
LH:12
BRDA:39,0,0,15
BRDA:39,0,1,75
BRDA:40,1,0,1
BRDA:40,1,1,14
BRDA:45,2,0,14
BRDA:45,2,1,76
BRDA:45,3,0,90
BRDA:45,3,1,15
BRDA:68,4,0,2
BRDA:68,4,1,16
BRDA:70,5,0,2
BRDA:70,5,1,16
BRDA:76,6,0,18
BRDA:76,6,1,2
BRDA:85,7,0,2
BRDA:85,7,1,8
BRDA:86,8,0,0
BRDA:86,8,1,2
BRF:18
BRH:17
end_of_record
TN:
SF:src/components/ProductCard.jsx
FN:7,ProductCard
FN:12,(anonymous_1)
FN:57,(anonymous_2)
FN:61,(anonymous_3)
FNF:4
FNH:4
FNDA:54,ProductCard
FNDA:18,(anonymous_1)
FNDA:1,(anonymous_2)
FNDA:1,(anonymous_3)
DA:5,6
DA:12,54
DA:13,54
DA:15,54
DA:58,1
DA:59,1
DA:62,1
DA:63,1
LF:8
LH:8
BRDA:13,0,0,53
BRDA:13,0,1,1
BRDA:23,1,0,54
BRDA:23,1,1,52
BRF:4
BRH:4
end_of_record
TN:
SF:src/components/ProductCardSkeleton.jsx
FN:1,ProductCardSkeleton
FNF:1
FNH:1
FNDA:126,ProductCardSkeleton
DA:2,126
LF:1
LH:1
BRF:0
BRH:0
end_of_record
TN:
SF:src/components/ProductDetailSkeleton.jsx
FN:1,ProductDetailSkeleton
FN:18,(anonymous_1)
FN:47,(anonymous_2)
FN:52,(anonymous_3)
FNF:4
FNH:4
FNDA:9,ProductDetailSkeleton
FNDA:36,(anonymous_1)
FNDA:36,(anonymous_2)
FNDA:36,(anonymous_3)
DA:2,9
DA:19,36
DA:48,36
DA:53,36
LF:4
LH:4
BRF:0
BRH:0
end_of_record
TN:
SF:src/components/ServiceCard.jsx
FN:3,ServiceCard
FNF:1
FNH:1
FNDA:2,ServiceCard
DA:4,2
LF:1
LH:1
BRDA:13,0,0,2
BRDA:13,0,1,2
BRF:2
BRH:2
end_of_record
TN:
SF:src/context/AuthContext.jsx
FN:6,AuthProvider
FN:10,(anonymous_1)
FN:21,(anonymous_2)
FN:22,(anonymous_3)
FN:23,(anonymous_4)
FN:26,(anonymous_5)
FN:32,(anonymous_6)
FN:46,(anonymous_7)
FNF:8
FNH:8
FNDA:28,AuthProvider
FNDA:13,(anonymous_1)
FNDA:2,(anonymous_2)
FNDA:1,(anonymous_3)
FNDA:3,(anonymous_4)
FNDA:1,(anonymous_5)
FNDA:1,(anonymous_6)
FNDA:12,(anonymous_7)
DA:4,4
DA:7,28
DA:8,28
DA:10,28
DA:11,13
DA:13,13
DA:16,10
DA:17,10
DA:20,3
DA:21,2
DA:22,1
DA:23,3
DA:26,28
DA:27,1
DA:28,1
DA:29,1
DA:32,28
DA:33,1
DA:34,1
DA:35,1
DA:38,28
DA:46,12
LF:22
LH:22
BRDA:13,0,0,10
BRDA:13,0,1,3
BRF:2
BRH:2
end_of_record
TN:
SF:src/data/testimonialsData.js
FNF:0
FNH:0
DA:3,3
LF:1
LH:1
BRF:0
BRH:0
end_of_record
TN:
SF:src/layouts/PublicLayout.jsx
FN:5,PublicLayout
FNF:1
FNH:1
FNDA:8,PublicLayout
DA:6,8
LF:1
LH:1
BRF:0
BRH:0
end_of_record
TN:
SF:src/lib/faqData.js
FNF:0
FNH:0
DA:3,4
LF:1
LH:1
BRF:0
BRH:0
end_of_record
TN:
SF:src/lib/formatPrice.js
FN:5,formatPrice
FNF:1
FNH:1
FNDA:75,formatPrice
DA:6,75
DA:7,75
LF:2
LH:2
BRDA:6,0,0,75
BRDA:6,0,1,4
BRF:2
BRH:2
end_of_record
TN:
SF:src/lib/productImage.js
FN:5,getPrimaryImage
FN:7,(anonymous_1)
FN:16,getGalleryImages
FN:21,(anonymous_3)
FN:26,(anonymous_4)
FNF:5
FNH:5
FNDA:56,getPrimaryImage
FNDA:4,(anonymous_1)
FNDA:19,getGalleryImages
FNDA:18,(anonymous_3)
FNDA:31,(anonymous_4)
DA:6,56
DA:7,56
DA:8,56
DA:17,19
DA:18,19
DA:19,4
DA:21,15
DA:22,18
DA:23,17
DA:24,4
DA:26,31
LF:11
LH:11
BRDA:6,0,0,56
BRDA:6,0,1,2
BRDA:7,1,0,56
BRDA:7,1,1,54
BRDA:9,2,0,56
BRDA:9,2,1,54
BRDA:9,2,2,53
BRDA:11,3,0,53
BRDA:11,3,1,3
BRDA:17,4,0,19
BRDA:17,4,1,2
BRDA:18,5,0,4
BRDA:18,5,1,15
BRDA:19,6,0,4
BRDA:19,6,1,3
BRDA:22,7,0,1
BRDA:22,7,1,17
BRDA:22,8,0,18
BRDA:22,8,1,1
BRDA:23,9,0,13
BRDA:23,9,1,4
BRDA:23,10,0,17
BRDA:23,10,1,17
BRDA:24,11,0,4
BRDA:24,11,1,0
BRDA:24,12,0,18
BRDA:24,12,1,0
BRDA:26,13,0,31
BRDA:26,13,1,2
BRF:29
BRH:27
end_of_record
TN:
SF:src/lib/servicesData.js
FNF:0
FNH:0
DA:5,3
LF:1
LH:1
BRF:0
BRH:0
end_of_record
TN:
SF:src/pages/public/About.jsx
FN:40,About
FN:112,(anonymous_1)
FN:146,(anonymous_2)
FN:192,(anonymous_3)
FN:193,(anonymous_4)
FNF:5
FNH:5
FNDA:7,About
FNDA:28,(anonymous_1)
FNDA:21,(anonymous_2)
FNDA:1,(anonymous_3)
FNDA:1,(anonymous_4)
DA:4,4
DA:12,4
DA:19,4
DA:41,7
DA:113,28
DA:147,21
DA:148,21
DA:192,1
DA:193,1
LF:9
LH:9
BRF:0
BRH:0
end_of_record
TN:
SF:src/pages/public/Contact.jsx
FN:7,Contact
FN:99,(anonymous_1)
FN:103,(anonymous_2)
FN:115,(anonymous_3)
FN:119,(anonymous_4)
FN:131,(anonymous_5)
FN:135,(anonymous_6)
FNF:7
FNH:7
FNDA:13,Contact
FNDA:2,(anonymous_1)
FNDA:2,(anonymous_2)
FNDA:1,(anonymous_3)
FNDA:1,(anonymous_4)
FNDA:1,(anonymous_5)
FNDA:1,(anonymous_6)
DA:8,13
DA:100,2
DA:101,2
DA:104,2
DA:105,2
DA:116,1
DA:117,1
DA:120,1
DA:121,1
DA:132,1
DA:133,1
DA:136,1
DA:137,1
LF:13
LH:13
BRF:0
BRH:0
end_of_record
TN:
SF:src/pages/public/Home.jsx
FN:20,FeaturedProductSkeleton
FN:34,Home
FN:38,(anonymous_2)
FN:41,fetchFeaturedProducts
FN:43,(anonymous_4)
FN:67,(anonymous_5)
FN:184,(anonymous_6)
FN:334,(anonymous_7)
FN:341,(anonymous_8)
FNF:9
FNH:9
FNDA:36,FeaturedProductSkeleton
FNDA:16,Home
FNDA:12,(anonymous_2)
FNDA:12,fetchFeaturedProducts
FNDA:12,(anonymous_4)
FNDA:12,(anonymous_5)
FNDA:3,(anonymous_6)
FNDA:33,(anonymous_7)
FNDA:165,(anonymous_8)
DA:21,36
DA:35,16
DA:36,16
DA:38,16
DA:39,12
DA:42,12
DA:43,12
DA:45,12
DA:46,12
DA:51,4
DA:52,3
DA:55,1
DA:56,1
DA:57,1
DA:60,5
DA:61,4
DA:66,12
DA:67,12
DA:68,12
DA:72,16
DA:185,3
DA:335,33
DA:342,165
LF:23
LH:23
BRDA:51,0,0,3
BRDA:51,0,1,1
BRDA:52,1,0,3
BRDA:52,1,1,0
BRDA:56,2,0,1
BRDA:56,2,1,0
BRDA:60,3,0,4
BRDA:60,3,1,1
BRDA:177,4,0,12
BRDA:177,4,1,4
BRDA:183,5,0,1
BRDA:183,5,1,3
BRF:12
BRH:10
end_of_record
TN:
SF:src/pages/public/Login.jsx
FN:1,Login
FNF:1
FNH:1
FNDA:1,Login
DA:2,1
LF:1
LH:1
BRF:0
BRH:0
end_of_record
TN:
SF:src/pages/public/ProductDetail.jsx
FN:12,ProductDetail
FN:21,ProductDetailView
FN:35,(anonymous_2)
FN:37,(anonymous_3)
FN:38,(anonymous_4)
FN:41,(anonymous_5)
FN:44,(anonymous_6)
FN:52,(anonymous_7)
FN:56,(anonymous_8)
FN:63,(anonymous_9)
FN:64,(anonymous_10)
FN:67,(anonymous_11)
FN:110,(anonymous_12)
FN:114,(anonymous_13)
FN:165,(anonymous_14)
FN:168,(anonymous_15)
FN:225,(anonymous_16)
FN:226,(anonymous_17)
FN:247,(anonymous_18)
FN:266,(anonymous_19)
FN:293,(anonymous_20)
FN:324,(anonymous_21)
FN:325,(anonymous_22)
FNF:23
FNH:17
FNDA:9,ProductDetail
FNDA:23,ProductDetailView
FNDA:9,(anonymous_2)
FNDA:9,(anonymous_3)
FNDA:9,(anonymous_4)
FNDA:7,(anonymous_5)
FNDA:2,(anonymous_6)
FNDA:9,(anonymous_7)
FNDA:16,(anonymous_8)
FNDA:7,(anonymous_9)
FNDA:3,(anonymous_10)
FNDA:0,(anonymous_11)
FNDA:1,(anonymous_12)
FNDA:0,(anonymous_13)
FNDA:22,(anonymous_14)
FNDA:1,(anonymous_15)
FNDA:0,(anonymous_16)
FNDA:0,(anonymous_17)
FNDA:48,(anonymous_18)
FNDA:48,(anonymous_19)
FNDA:2,(anonymous_20)
FNDA:0,(anonymous_21)
FNDA:0,(anonymous_22)
DA:10,4
DA:13,9
DA:18,9
DA:22,23
DA:23,23
DA:24,23
DA:25,23
DA:26,23
DA:28,23
DA:30,23
DA:35,23
DA:37,23
DA:38,9
DA:40,9
DA:42,7
DA:45,2
DA:46,1
DA:48,1
DA:49,1
DA:52,9
DA:56,23
DA:57,16
DA:58,9
DA:61,7
DA:64,7
DA:65,7
DA:67,0
DA:70,23
DA:71,9
DA:74,14
DA:75,1
DA:93,13
DA:94,1
DA:105,12
DA:106,12
DA:110,23
DA:111,1
DA:112,1
DA:113,1
DA:114,1
DA:120,23
DA:166,22
DA:168,1
DA:225,0
DA:226,0
DA:248,48
DA:267,48
DA:294,2
DA:324,0
DA:325,0
LF:50
LH:45
BRDA:45,0,0,1
BRDA:45,0,1,1
BRDA:57,1,0,9
BRDA:57,1,1,7
BRDA:64,2,0,7
BRDA:64,2,1,0
BRDA:70,3,0,9
BRDA:70,3,1,14
BRDA:74,4,0,1
BRDA:74,4,1,13
BRDA:93,5,0,1
BRDA:93,5,1,12
BRDA:106,6,0,12
BRDA:106,6,1,0
BRDA:129,7,0,23
BRDA:129,7,1,12
BRDA:153,8,0,23
BRDA:153,8,1,11
BRDA:163,9,0,23
BRDA:163,9,1,11
BRDA:170,10,0,11
BRDA:170,10,1,11
BRDA:185,11,0,23
BRDA:185,11,1,12
BRDA:280,12,0,23
BRDA:280,12,1,1
BRF:26
BRH:24
end_of_record
TN:
SF:src/pages/public/Products.jsx
FN:16,Products
FN:33,(anonymous_1)
FN:36,(anonymous_2)
FN:37,(anonymous_3)
FN:41,(anonymous_4)
FN:42,(anonymous_5)
FN:46,(anonymous_6)
FN:50,(anonymous_7)
FN:53,(anonymous_8)
FN:63,(anonymous_9)
FN:83,(anonymous_10)
FN:88,(anonymous_11)
FN:93,(anonymous_12)
FN:123,(anonymous_13)
FN:123,(anonymous_14)
FN:147,(anonymous_15)
FN:153,(anonymous_16)
FN:154,(anonymous_17)
FN:159,(anonymous_18)
FN:162,(anonymous_19)
FN:204,(anonymous_20)
FN:217,(anonymous_21)
FN:229,(anonymous_22)
FN:230,(anonymous_23)
FN:244,(anonymous_24)
FN:255,(anonymous_25)
FN:264,(anonymous_26)
FN:282,(anonymous_27)
FN:282,(anonymous_28)
FN:289,(anonymous_29)
FN:289,(anonymous_30)
FN:292,(anonymous_31)
FN:305,(anonymous_32)
FN:305,(anonymous_33)
FN:321,(anonymous_34)
FN:322,(anonymous_35)
FN:344,(anonymous_36)
FN:345,(anonymous_37)
FN:352,(anonymous_38)
FN:353,(anonymous_39)
FNF:40
FNH:25
FNDA:55,Products
FNDA:9,(anonymous_1)
FNDA:9,(anonymous_2)
FNDA:0,(anonymous_3)
FNDA:20,(anonymous_4)
FNDA:8,(anonymous_5)
FNDA:20,(anonymous_6)
FNDA:14,(anonymous_7)
FNDA:14,(anonymous_8)
FNDA:14,(anonymous_9)
FNDA:14,(anonymous_10)
FNDA:1,(anonymous_11)
FNDA:1,(anonymous_12)
FNDA:2,(anonymous_13)
FNDA:2,(anonymous_14)
FNDA:0,(anonymous_15)
FNDA:0,(anonymous_16)
FNDA:0,(anonymous_17)
FNDA:14,(anonymous_18)
FNDA:1,(anonymous_19)
FNDA:1,(anonymous_20)
FNDA:0,(anonymous_21)
FNDA:1,(anonymous_22)
FNDA:0,(anonymous_23)
FNDA:11,(anonymous_24)
FNDA:168,(anonymous_25)
FNDA:47,(anonymous_26)
FNDA:0,(anonymous_27)
FNDA:0,(anonymous_28)
FNDA:6,(anonymous_29)
FNDA:6,(anonymous_30)
FNDA:1,(anonymous_31)
FNDA:0,(anonymous_32)
FNDA:0,(anonymous_33)
FNDA:1,(anonymous_34)
FNDA:0,(anonymous_35)
FNDA:0,(anonymous_36)
FNDA:0,(anonymous_37)
FNDA:0,(anonymous_38)
FNDA:0,(anonymous_39)
DA:10,4
DA:11,4
DA:12,4
DA:13,4
DA:14,4
DA:17,55
DA:18,55
DA:19,55
DA:20,55
DA:21,55
DA:22,55
DA:23,55
DA:24,55
DA:26,55
DA:27,55
DA:28,55
DA:29,55
DA:30,55
DA:33,55
DA:34,9
DA:36,9
DA:37,0
DA:41,55
DA:42,20
DA:43,8
DA:44,8
DA:46,20
DA:50,55
DA:51,14
DA:53,14
DA:54,14
DA:55,14
DA:57,14
DA:58,14
DA:59,14
DA:60,14
DA:61,14
DA:63,14
DA:65,14
DA:66,14
DA:67,13
DA:68,7
DA:69,7
DA:70,14
DA:71,14
DA:73,1
DA:74,1
DA:75,1
DA:77,14
DA:81,14
DA:83,14
DA:84,14
DA:88,55
DA:89,1
DA:90,1
DA:93,55
DA:94,1
DA:95,1
DA:96,1
DA:97,1
DA:98,1
DA:99,1
DA:102,55
DA:123,2
DA:148,0
DA:149,0
DA:153,0
DA:154,0
DA:160,14
DA:163,1
DA:164,1
DA:205,1
DA:206,1
DA:218,0
DA:219,0
DA:229,1
DA:230,0
DA:244,11
DA:256,168
DA:265,47
DA:282,0
DA:289,6
DA:290,6
DA:292,1
DA:305,0
DA:321,1
DA:322,0
DA:344,0
DA:345,0
DA:352,0
DA:353,0
LF:91
LH:76
BRDA:36,0,0,9
BRDA:36,0,1,0
BRDA:36,0,2,0
BRDA:58,1,0,1
BRDA:58,1,1,13
BRDA:59,2,0,1
BRDA:59,2,1,13
BRDA:60,3,0,1
BRDA:60,3,1,13
BRDA:61,4,0,0
BRDA:61,4,1,14
BRDA:67,5,0,6
BRDA:67,5,1,7
BRDA:69,6,0,7
BRDA:69,6,1,0
BRDA:70,7,0,14
BRDA:70,7,1,0
BRDA:71,8,0,14
BRDA:71,8,1,0
BRDA:71,8,2,0
BRDA:73,9,0,0
BRDA:73,9,1,1
BRDA:77,10,0,8
BRDA:77,10,1,6
BRDA:126,11,0,7
BRDA:126,11,1,48
BRDA:131,12,0,7
BRDA:131,12,1,48
BRDA:136,13,0,54
BRDA:136,13,1,1
BRDA:140,14,0,55
BRDA:140,14,1,7
BRDA:167,15,0,2
BRDA:167,15,1,12
BRDA:171,16,0,2
BRDA:171,16,1,12
BRDA:253,17,0,28
BRDA:253,17,1,27
BRDA:259,18,0,1
BRDA:259,18,1,26
BRDA:261,19,0,24
BRDA:261,19,1,2
BRDA:279,20,0,24
BRDA:279,20,1,2
BRDA:294,21,0,2
BRDA:294,21,1,4
BRDA:298,22,0,2
BRDA:298,22,1,4
BRF:48
BRH:40
end_of_record
TN:
SF:src/pages/public/Register.jsx
FN:1,Register
FNF:1
FNH:1
FNDA:1,Register
DA:2,1
LF:1
LH:1
BRF:0
BRH:0
end_of_record
TN:
SF:src/pages/public/Services.jsx
FN:21,Services
FN:100,(anonymous_1)
FN:104,(anonymous_2)
FN:115,(anonymous_3)
FN:286,(anonymous_4)
FN:287,(anonymous_5)
FNF:6
FNH:6
FNDA:10,Services
FNDA:1,(anonymous_1)
FNDA:1,(anonymous_2)
FNDA:20,(anonymous_3)
FNDA:1,(anonymous_4)
FNDA:1,(anonymous_5)
DA:16,4
DA:22,10
DA:101,1
DA:102,1
DA:105,1
DA:106,1
DA:116,20
DA:117,20
DA:286,1
DA:287,1
LF:10
LH:10
BRDA:116,0,0,20
BRDA:116,0,1,0
BRF:2
BRH:1
end_of_record
TN:
SF:src/routes/ProtectedRoute.jsx
FN:4,ProtectedRoute
FNF:1
FNH:1
FNDA:5,ProtectedRoute
DA:5,5
DA:6,5
DA:7,4
DA:8,3
DA:9,2
LF:5
LH:5
BRDA:6,0,0,1
BRDA:6,0,1,4
BRDA:7,1,0,1
BRDA:7,1,1,3
BRDA:8,2,0,1
BRDA:8,2,1,2
BRDA:8,3,0,3
BRDA:8,3,1,2
BRF:8
BRH:8
end_of_record
TN:
SF:src/services/api.js
FN:5,(anonymous_0)
FNF:1
FNH:1
FNDA:3,(anonymous_0)
DA:3,3
DA:5,3
DA:6,3
DA:7,3
DA:8,3
LF:5
LH:5
BRDA:7,0,0,2
BRDA:7,0,1,1
BRF:2
BRH:2
end_of_record
