TN:
SF:src/App.jsx
FN:33,App
FNF:1
FNH:1
FNDA:8,App
DA:34,8
LF:1
LH:1
BRF:0
BRH:0
end_of_record
TN:
SF:src/index.css
FNF:0
FNH:0
LF:0
LH:0
BRF:0
BRH:0
end_of_record
TN:
SF:src/main.jsx
FNF:0
FNH:0
DA:7,2
LF:1
LH:1
BRF:0
BRH:0
end_of_record
TN:
SF:src/components/CartModal.jsx
FN:11,CartModal
FN:18,(anonymous_1)
FN:34,(anonymous_2)
FN:62,(anonymous_3)
FN:63,(anonymous_4)
FN:70,(anonymous_5)
FN:91,(anonymous_6)
FN:102,(anonymous_7)
FN:112,(anonymous_8)
FN:138,(anonymous_9)
FN:139,(anonymous_10)
FN:148,(anonymous_11)
FN:149,(anonymous_12)
FNF:13
FNH:12
FNDA:31,CartModal
FNDA:3,(anonymous_1)
FNDA:0,(anonymous_2)
FNDA:1,(anonymous_3)
FNDA:1,(anonymous_4)
FNDA:24,(anonymous_5)
FNDA:1,(anonymous_6)
FNDA:2,(anonymous_7)
FNDA:1,(anonymous_8)
FNDA:5,(anonymous_9)
FNDA:2,(anonymous_10)
FNDA:2,(anonymous_11)
FNDA:1,(anonymous_12)
DA:6,4
DA:12,31
DA:13,31
DA:14,31
DA:16,31
DA:18,14
DA:19,3
DA:20,3
DA:21,1
DA:22,1
DA:24,2
DA:27,14
DA:34,0
DA:62,1
DA:63,1
DA:71,24
DA:91,1
DA:102,2
DA:112,1
DA:138,5
DA:139,2
DA:148,2
DA:149,1
LF:23
LH:22
BRDA:16,0,0,17
BRDA:16,0,1,14
BRDA:20,1,0,1
BRDA:20,1,1,2
BRDA:34,2,0,0
BRDA:34,2,1,0
BRDA:34,3,0,0
BRDA:34,3,1,0
BRDA:54,4,0,2
BRDA:54,4,1,12
BRDA:73,5,0,12
BRDA:73,5,1,12
BRDA:103,6,0,24
BRDA:103,6,1,24
BRDA:127,7,0,31
BRDA:127,7,1,12
BRDA:141,8,0,4
BRDA:141,8,1,8
BRF:18
BRH:14
end_of_record
TN:
SF:src/components/ContactForm.jsx
FN:7,ContactForm
FN:12,(anonymous_1)
FN:13,(anonymous_2)
FN:16,(anonymous_3)
FN:24,(anonymous_4)
FNF:5
FNH:4
FNDA:405,ContactForm
FNDA:371,(anonymous_1)
FNDA:371,(anonymous_2)
FNDA:8,(anonymous_3)
FNDA:0,(anonymous_4)
DA:5,5
DA:8,405
DA:9,405
DA:10,405
DA:12,405
DA:13,371
DA:16,405
DA:17,8
DA:18,8
DA:19,8
DA:20,8
DA:21,8
DA:22,4
DA:23,4
DA:24,4
DA:26,4
DA:27,4
DA:28,2
DA:33,405
LF:19
LH:19
BRDA:27,0,0,2
BRDA:27,0,1,2
BRDA:28,1,0,2
BRDA:28,1,1,0
BRDA:50,2,0,405
BRDA:50,2,1,1
BRDA:66,3,0,405
BRDA:66,3,1,2
BRDA:99,4,0,405
BRDA:99,4,1,1
BRDA:116,5,0,405
BRDA:116,5,1,2
BRDA:123,6,0,3
BRDA:123,6,1,402
BRDA:125,7,0,405
BRDA:125,7,1,8
BRDA:130,8,0,405
BRDA:130,8,1,3
BRDA:135,9,0,405
BRDA:135,9,1,397
BRDA:135,9,2,394
BRDA:142,10,0,405
BRDA:142,10,1,4
BRDA:142,10,2,2
BRF:24
BRH:23
end_of_record
TN:
SF:src/components/Faq.jsx
FN:4,Faq
FN:9,(anonymous_1)
FN:16,(anonymous_2)
FNF:3
FNH:2
FNDA:13,Faq
FNDA:39,(anonymous_1)
FNDA:0,(anonymous_2)
DA:5,13
DA:7,13
DA:10,39
DA:11,39
DA:16,0
LF:5
LH:4
BRDA:16,0,0,0
BRDA:16,0,1,0
BRDA:25,1,0,0
BRDA:25,1,1,39
BRDA:28,2,0,39
BRDA:28,2,1,0
BRF:6
BRH:2
end_of_record
TN:
SF:src/components/FeaturedProductCard.jsx
FN:6,getFeaturedImage
FN:11,(anonymous_1)
FN:15,isRecentlyAdded
FN:23,FeaturedProductCard
FNF:4
FNH:4
FNDA:12,getFeaturedImage
FNDA:4,(anonymous_1)
FNDA:12,isRecentlyAdded
FNDA:12,FeaturedProductCard
DA:7,12
DA:8,12
DA:9,10
DA:11,4
DA:12,2
DA:16,12
DA:17,11
DA:18,11
DA:19,11
DA:20,11
DA:24,12
DA:25,12
DA:27,12
LF:13
LH:13
BRDA:7,0,0,12
BRDA:7,0,1,0
BRDA:8,1,0,10
BRDA:8,1,1,2
BRDA:12,2,0,1
BRDA:12,2,1,1
BRDA:16,3,0,1
BRDA:16,3,1,11
BRDA:38,4,0,12
BRDA:38,4,1,10
BRDA:45,5,0,12
BRDA:45,5,1,11
BRDA:53,6,0,12
BRDA:53,6,1,11
BRF:14
BRH:13
end_of_record
TN:
SF:src/components/Footer.jsx
FN:18,Footer
FN:33,(anonymous_1)
FN:34,(anonymous_2)
FN:71,(anonymous_3)
FNF:4
FNH:4
FNDA:10,Footer
FNDA:1,(anonymous_1)
FNDA:1,(anonymous_2)
FNDA:50,(anonymous_3)
DA:4,4
DA:10,4
DA:19,10
DA:33,1
DA:34,1
DA:72,50
LF:6
LH:6
BRF:0
BRH:0
end_of_record
TN:
SF:src/components/Header.jsx
FN:24,(anonymous_0)
FN:42,Header
FN:49,(anonymous_2)
FN:62,(anonymous_3)
FN:80,(anonymous_4)
FN:86,(anonymous_5)
FN:87,(anonymous_6)
FN:95,(anonymous_7)
FN:97,(anonymous_8)
FN:110,(anonymous_9)
FN:114,(anonymous_10)
FN:128,(anonymous_11)
FN:138,(anonymous_12)
FNF:13
FNH:11
FNDA:72,(anonymous_0)
FNDA:36,Header
FNDA:370,(anonymous_2)
FNDA:180,(anonymous_3)
FNDA:1,(anonymous_4)
FNDA:1,(anonymous_5)
FNDA:1,(anonymous_6)
FNDA:0,(anonymous_7)
FNDA:3,(anonymous_8)
FNDA:10,(anonymous_9)
FNDA:1,(anonymous_10)
FNDA:0,(anonymous_11)
FNDA:1,(anonymous_12)
DA:10,4
DA:15,4
DA:24,4
DA:25,72
DA:43,36
DA:44,36
DA:45,36
DA:46,36
DA:47,36
DA:49,370
DA:50,36
DA:52,36
DA:63,180
DA:80,1
DA:86,1
DA:87,1
DA:95,0
DA:97,3
DA:111,10
DA:114,1
DA:128,0
DA:138,1
LF:22
LH:20
BRDA:31,0,0,72
BRDA:31,0,1,2
BRDA:50,1,0,36
BRDA:50,1,1,34
BRDA:67,2,0,30
BRDA:67,2,1,150
BRDA:68,3,0,3
BRDA:68,3,1,27
BRDA:73,4,0,27
BRDA:73,4,1,153
BRDA:73,5,0,180
BRDA:73,5,1,30
BRDA:83,6,0,3
BRDA:83,6,1,33
BRDA:89,7,0,3
BRDA:89,7,1,33
BRDA:99,8,0,2
BRDA:99,8,1,34
BRDA:101,9,0,2
BRDA:101,9,1,34
BRDA:107,10,0,36
BRDA:107,10,1,2
BRDA:116,11,0,2
BRDA:116,11,1,8
BRDA:117,12,0,0
BRDA:117,12,1,2
BRDA:127,13,0,0
BRDA:127,13,1,2
BRDA:132,14,0,0
BRDA:132,14,1,2
BRF:30
BRH:27
end_of_record
TN:
SF:src/components/Pagination.jsx
FN:3,Pagination
FN:9,(anonymous_1)
FN:21,(anonymous_2)
FNF:3
FNH:3
FNDA:27,Pagination
FNDA:1,(anonymous_1)
FNDA:5,(anonymous_2)
DA:4,27
DA:5,26
DA:9,1
DA:21,5
LF:4
LH:4
BRDA:4,0,0,1
BRDA:4,0,1,26
BRF:2
BRH:2
end_of_record
TN:
SF:src/components/ProductCard.jsx
FN:9,ProductCard
FN:10,(anonymous_1)
FN:17,(anonymous_2)
FN:22,(anonymous_3)
FN:69,(anonymous_4)
FN:70,(anonymous_5)
FN:80,(anonymous_6)
FN:84,(anonymous_7)
FNF:8
FNH:8
FNDA:63,ProductCard
FNDA:24,(anonymous_1)
FNDA:2,(anonymous_2)
FNDA:2,(anonymous_3)
FNDA:3,(anonymous_4)
FNDA:1,(anonymous_5)
FNDA:1,(anonymous_6)
FNDA:1,(anonymous_7)
DA:7,6
DA:10,63
DA:11,63
DA:13,63
DA:14,63
DA:15,63
DA:17,63
DA:18,2
DA:19,2
DA:20,2
DA:21,2
DA:22,2
DA:25,63
DA:69,3
DA:70,1
DA:81,1
DA:82,1
DA:85,1
DA:86,1
LF:19
LH:19
BRDA:11,0,0,62
BRDA:11,0,1,1
BRDA:33,1,0,63
BRDA:33,1,1,61
BRDA:68,2,0,2
BRDA:68,2,1,61
BRDA:69,3,0,3
BRDA:69,3,1,3
BRDA:69,3,2,3
BRDA:70,4,0,1
BRDA:70,4,1,1
BRDA:70,4,2,1
BRDA:72,5,0,2
BRDA:72,5,1,61
BRDA:73,6,0,3
BRDA:73,6,1,60
BRDA:73,7,0,2
BRDA:73,7,1,58
BRF:18
BRH:18
end_of_record
TN:
SF:src/components/ProductCardSkeleton.jsx
FN:1,ProductCardSkeleton
FNF:1
FNH:1
FNDA:132,ProductCardSkeleton
DA:2,132
LF:1
LH:1
BRF:0
BRH:0
end_of_record
TN:
SF:src/components/ProductDetailSkeleton.jsx
FN:1,ProductDetailSkeleton
FN:18,(anonymous_1)
FN:47,(anonymous_2)
FN:52,(anonymous_3)
FNF:4
FNH:4
FNDA:12,ProductDetailSkeleton
FNDA:48,(anonymous_1)
FNDA:48,(anonymous_2)
FNDA:48,(anonymous_3)
DA:2,12
DA:19,48
DA:48,48
DA:53,48
LF:4
LH:4
BRF:0
BRH:0
end_of_record
TN:
SF:src/components/ServiceCard.jsx
FN:3,ServiceCard
FNF:1
FNH:1
FNDA:2,ServiceCard
DA:4,2
LF:1
LH:1
BRDA:13,0,0,2
BRDA:13,0,1,2
BRF:2
BRH:2
end_of_record
TN:
SF:src/constants/commercialStatus.js
FNF:0
FNH:0
DA:2,6
DA:11,6
DA:19,6
LF:3
LH:3
BRF:0
BRH:0
end_of_record
TN:
SF:src/constants/interventionStatus.js
FNF:0
FNH:0
DA:3,4
LF:1
LH:1
BRF:0
BRH:0
end_of_record
TN:
SF:src/constants/orderStatus.js
FNF:0
FNH:0
DA:1,5
LF:1
LH:1
BRF:0
BRH:0
end_of_record
TN:
SF:src/constants/roles.js
FNF:0
FNH:0
DA:3,5
LF:1
LH:1
BRF:0
BRH:0
end_of_record
TN:
SF:src/context/AuthContext.jsx
FN:6,AuthProvider
FN:10,(anonymous_1)
FN:21,(anonymous_2)
FN:22,(anonymous_3)
FN:23,(anonymous_4)
FN:26,(anonymous_5)
FN:32,(anonymous_6)
FN:39,(anonymous_7)
FN:53,(anonymous_8)
FNF:9
FNH:9
FNDA:30,AuthProvider
FNDA:14,(anonymous_1)
FNDA:2,(anonymous_2)
FNDA:1,(anonymous_3)
FNDA:3,(anonymous_4)
FNDA:1,(anonymous_5)
FNDA:1,(anonymous_6)
FNDA:1,(anonymous_7)
FNDA:50,(anonymous_8)
DA:4,4
DA:7,30
DA:8,30
DA:10,30
DA:11,14
DA:13,14
DA:16,11
DA:17,11
DA:20,3
DA:21,2
DA:22,1
DA:23,3
DA:26,30
DA:27,1
DA:28,1
DA:29,1
DA:30,1
DA:32,30
DA:33,1
DA:39,30
DA:40,1
DA:41,1
DA:42,1
DA:45,30
DA:53,50
LF:25
LH:25
BRDA:13,0,0,11
BRDA:13,0,1,3
BRF:2
BRH:2
end_of_record
TN:
SF:src/context/CartContext.jsx
FN:7,loadCart
FN:16,CartProvider
FN:19,(anonymous_2)
FN:23,(anonymous_3)
FN:24,(anonymous_4)
FN:25,(anonymous_5)
FN:29,(anonymous_6)
FN:50,(anonymous_7)
FN:51,(anonymous_8)
FN:51,(anonymous_9)
FN:54,(anonymous_10)
FN:56,(anonymous_11)
FN:57,(anonymous_12)
FN:65,(anonymous_13)
FN:67,(anonymous_14)
FN:68,(anonymous_15)
FN:74,(anonymous_16)
FN:76,(anonymous_17)
FN:102,(anonymous_18)
FNF:19
FNH:19
FNDA:28,loadCart
FNDA:50,CartProvider
FNDA:50,(anonymous_2)
FNDA:18,(anonymous_3)
FNDA:18,(anonymous_4)
FNDA:8,(anonymous_5)
FNDA:6,(anonymous_6)
FNDA:2,(anonymous_7)
FNDA:2,(anonymous_8)
FNDA:2,(anonymous_9)
FNDA:2,(anonymous_10)
FNDA:1,(anonymous_11)
FNDA:1,(anonymous_12)
FNDA:1,(anonymous_13)
FNDA:22,(anonymous_14)
FNDA:22,(anonymous_15)
FNDA:2,(anonymous_16)
FNDA:3,(anonymous_17)
FNDA:115,(anonymous_18)
DA:4,5
DA:5,5
DA:8,28
DA:9,28
DA:10,28
DA:12,0
DA:17,50
DA:19,50
DA:20,50
DA:23,50
DA:24,18
DA:25,18
DA:26,18
DA:28,18
DA:29,6
DA:30,6
DA:36,12
DA:50,50
DA:51,2
DA:54,50
DA:55,2
DA:56,1
DA:57,1
DA:58,1
DA:65,50
DA:67,50
DA:68,50
DA:74,50
DA:75,2
DA:76,3
DA:78,2
DA:79,1
DA:80,1
DA:83,50
DA:102,115
LF:35
LH:34
BRDA:10,0,0,15
BRDA:10,0,1,13
BRDA:23,1,0,18
BRDA:26,2,0,18
BRDA:26,2,1,0
BRDA:28,3,0,6
BRDA:28,3,1,12
BRDA:30,4,0,6
BRDA:30,4,1,0
BRDA:42,5,0,12
BRDA:42,5,1,12
BRDA:42,5,2,12
BRDA:43,6,0,18
BRDA:43,6,1,0
BRDA:55,7,0,1
BRDA:55,7,1,1
BRDA:58,8,0,1
BRDA:58,8,1,0
BRDA:59,9,0,1
BRDA:59,9,1,0
BRF:20
BRH:15
end_of_record
TN:
SF:src/data/testimonialsData.js
FNF:0
FNH:0
DA:3,3
LF:1
LH:1
BRF:0
BRH:0
end_of_record
TN:
SF:src/layouts/DashboardLayout.jsx
FN:39,initials
FN:44,(anonymous_1)
FN:48,DashboardLayout
FN:57,(anonymous_3)
FN:87,(anonymous_4)
FN:95,(anonymous_5)
FN:142,(anonymous_6)
FN:143,(anonymous_7)
FN:152,(anonymous_8)
FNF:9
FNH:8
FNDA:22,initials
FNDA:44,(anonymous_1)
FNDA:22,DashboardLayout
FNDA:94,(anonymous_3)
FNDA:1,(anonymous_4)
FNDA:66,(anonymous_5)
FNDA:1,(anonymous_6)
FNDA:0,(anonymous_7)
FNDA:2,(anonymous_8)
DA:21,4
DA:34,4
DA:40,22
DA:44,44
DA:49,22
DA:50,22
DA:51,22
DA:53,22
DA:54,22
DA:55,22
DA:57,22
DA:58,94
DA:65,22
DA:87,1
DA:96,66
DA:142,1
DA:143,0
DA:152,2
LF:18
LH:17
BRDA:39,0,0,22
BRDA:54,1,0,22
BRDA:54,1,1,0
BRDA:55,2,0,22
BRDA:55,2,1,0
BRDA:60,3,0,22
BRDA:60,3,1,72
BRDA:73,4,0,2
BRDA:73,4,1,20
BRDA:104,5,0,22
BRDA:104,5,1,14
BRDA:109,6,0,14
BRDA:109,6,1,1
BRDA:138,7,0,22
BRDA:138,7,1,2
BRDA:143,8,0,0
BRDA:143,8,1,0
BRDA:143,9,0,0
BRDA:143,9,1,0
BRF:19
BRH:13
end_of_record
TN:
SF:src/layouts/PublicLayout.jsx
FN:5,PublicLayout
FNF:1
FNH:1
FNDA:8,PublicLayout
DA:6,8
LF:1
LH:1
BRF:0
BRH:0
end_of_record
TN:
SF:src/lib/faqData.js
FNF:0
FNH:0
DA:3,4
LF:1
LH:1
BRF:0
BRH:0
end_of_record
TN:
SF:src/lib/formatDate.js
FN:1,formatDate
FNF:1
FNH:1
FNDA:43,formatDate
DA:2,43
DA:3,40
LF:2
LH:2
BRDA:2,0,0,3
BRDA:2,0,1,40
BRF:2
BRH:2
end_of_record
TN:
SF:src/lib/formatPrice.js
FN:5,formatPrice
FNF:1
FNH:1
FNDA:111,formatPrice
DA:6,111
DA:7,111
LF:2
LH:2
BRDA:6,0,0,111
BRDA:6,0,1,4
BRF:2
BRH:2
end_of_record
TN:
SF:src/lib/productImage.js
FN:5,getPrimaryImage
FN:7,(anonymous_1)
FN:16,getGalleryImages
FN:21,(anonymous_3)
FN:26,(anonymous_4)
FNF:5
FNH:5
FNDA:56,getPrimaryImage
FNDA:4,(anonymous_1)
FNDA:25,getGalleryImages
FNDA:24,(anonymous_3)
FNDA:43,(anonymous_4)
DA:6,56
DA:7,56
DA:8,56
DA:17,25
DA:18,25
DA:19,4
DA:21,21
DA:22,24
DA:23,23
DA:24,4
DA:26,43
LF:11
LH:11
BRDA:6,0,0,56
BRDA:6,0,1,2
BRDA:7,1,0,56
BRDA:7,1,1,54
BRDA:9,2,0,56
BRDA:9,2,1,54
BRDA:9,2,2,53
BRDA:11,3,0,53
BRDA:11,3,1,3
BRDA:17,4,0,25
BRDA:17,4,1,2
BRDA:18,5,0,4
BRDA:18,5,1,21
BRDA:19,6,0,4
BRDA:19,6,1,3
BRDA:22,7,0,1
BRDA:22,7,1,23
BRDA:22,8,0,24
BRDA:22,8,1,1
BRDA:23,9,0,19
BRDA:23,9,1,4
BRDA:23,10,0,23
BRDA:23,10,1,23
BRDA:24,11,0,4
BRDA:24,11,1,0
BRDA:24,12,0,24
BRDA:24,12,1,0
BRDA:26,13,0,43
BRDA:26,13,1,2
BRF:29
BRH:27
end_of_record
TN:
SF:src/lib/servicesData.js
FNF:0
FNH:0
DA:5,3
LF:1
LH:1
BRF:0
BRH:0
end_of_record
TN:
SF:src/pages/dashboards/client/ClientDashboard.jsx
FN:34,formatPrice
FN:39,formatDate
FN:49,withMinDelay
FN:50,(anonymous_3)
FN:50,(anonymous_4)
FN:55,ClientDashboard
FN:61,(anonymous_6)
FN:64,(anonymous_7)
FN:68,(anonymous_8)
FN:71,(anonymous_9)
FN:74,(anonymous_10)
FN:77,(anonymous_11)
FN:79,(anonymous_12)
FN:88,(anonymous_13)
FN:91,(anonymous_14)
FN:94,(anonymous_15)
FN:160,(anonymous_16)
FN:184,(anonymous_17)
FN:259,(anonymous_18)
FN:282,(anonymous_19)
FNF:20
FNH:19
FNDA:7,formatPrice
FNDA:12,formatDate
FNDA:18,withMinDelay
FNDA:18,(anonymous_3)
FNDA:16,(anonymous_4)
FNDA:17,ClientDashboard
FNDA:9,(anonymous_6)
FNDA:9,(anonymous_7)
FNDA:8,(anonymous_8)
FNDA:1,(anonymous_9)
FNDA:8,(anonymous_10)
FNDA:0,(anonymous_11)
FNDA:9,(anonymous_12)
FNDA:14,(anonymous_13)
FNDA:14,(anonymous_14)
FNDA:14,(anonymous_15)
FNDA:20,(anonymous_16)
FNDA:6,(anonymous_17)
FNDA:30,(anonymous_18)
FNDA:6,(anonymous_19)
DA:19,4
DA:27,4
DA:35,7
DA:36,7
DA:40,12
DA:41,12
DA:50,18
DA:51,16
DA:56,17
DA:57,17
DA:58,17
DA:59,17
DA:61,17
DA:64,17
DA:65,9
DA:67,9
DA:69,8
DA:71,1
DA:73,9
DA:75,8
DA:77,0
DA:79,9
DA:80,9
DA:84,17
DA:85,17
DA:87,17
DA:88,14
DA:90,17
DA:91,14
DA:93,17
DA:95,14
DA:96,8
DA:97,8
DA:101,17
DA:161,20
DA:185,6
DA:186,6
DA:260,30
DA:283,6
DA:284,6
DA:285,6
LF:41
LH:40
BRDA:36,0,0,7
BRDA:36,0,1,0
BRDA:40,1,0,0
BRDA:40,1,1,12
BRDA:49,2,0,18
BRDA:69,3,0,7
BRDA:69,3,1,1
BRDA:69,4,0,7
BRDA:69,4,1,0
BRDA:69,4,2,0
BRDA:71,5,0,1
BRDA:71,5,1,1
BRDA:75,6,0,7
BRDA:75,6,1,1
BRDA:75,7,0,7
BRDA:75,7,1,0
BRDA:75,7,2,0
BRDA:77,8,0,0
BRDA:77,8,1,0
BRDA:87,9,0,7
BRDA:87,9,1,10
BRDA:90,10,0,7
BRDA:90,10,1,10
BRDA:91,11,0,14
BRDA:91,11,1,0
BRDA:93,12,0,7
BRDA:93,12,1,10
BRDA:95,13,0,6
BRDA:95,13,1,8
BRDA:95,14,0,14
BRDA:95,14,1,8
BRDA:107,15,0,17
BRDA:107,15,1,0
BRDA:135,16,0,17
BRDA:135,16,1,1
BRDA:158,17,0,17
BRDA:158,17,1,10
BRDA:169,18,0,17
BRDA:169,18,1,7
BRDA:169,18,2,1
BRDA:182,19,0,17
BRDA:182,19,1,7
BRDA:182,19,2,6
BRDA:185,20,0,6
BRDA:185,20,1,0
BRDA:201,21,0,6
BRDA:201,21,1,0
BRDA:229,22,0,7
BRDA:229,22,1,10
BRDA:237,23,0,7
BRDA:237,23,1,10
BRDA:245,24,0,7
BRDA:245,24,1,10
BRDA:257,25,0,17
BRDA:257,25,1,10
BRDA:265,26,0,17
BRDA:265,26,1,7
BRDA:265,26,2,1
BRDA:278,27,0,17
BRDA:278,27,1,7
BRDA:278,27,2,6
BRDA:283,28,0,6
BRDA:283,28,1,0
BRDA:290,29,0,0
BRDA:290,29,1,6
BRDA:301,30,0,6
BRDA:301,30,1,6
BRDA:306,31,0,6
BRDA:306,31,1,6
BRF:69
BRH:55
end_of_record
TN:
SF:src/pages/dashboards/client/InterventionNew.jsx
FN:13,InterventionNew
FN:19,handleChange
FN:20,(anonymous_2)
FN:21,(anonymous_3)
FN:22,(anonymous_4)
FN:26,handleSubmit
FN:47,(anonymous_6)
FNF:7
FNH:7
FNDA:127,InterventionNew
FNDA:508,handleChange
FNDA:113,(anonymous_2)
FNDA:113,(anonymous_3)
FNDA:113,(anonymous_4)
FNDA:5,handleSubmit
FNDA:2,(anonymous_6)
DA:6,4
DA:14,127
DA:15,127
DA:16,127
DA:17,127
DA:20,508
DA:21,113
DA:22,113
DA:27,5
DA:28,5
DA:29,5
DA:31,5
DA:32,5
DA:38,2
DA:45,2
DA:46,1
DA:47,1
DA:48,2
DA:50,1
DA:52,1
DA:54,2
DA:58,127
LF:22
LH:22
BRDA:34,0,0,5
BRDA:34,0,1,4
BRDA:35,1,0,5
BRDA:35,1,1,5
BRDA:45,2,0,1
BRDA:45,2,1,1
BRDA:47,3,0,1
BRDA:47,3,1,0
BRDA:77,4,0,127
BRDA:77,4,1,1
BRDA:111,5,0,127
BRDA:111,5,1,1
BRDA:135,6,0,127
BRDA:135,6,1,0
BRDA:158,7,0,127
BRDA:158,7,1,0
BRDA:180,8,0,127
BRDA:180,8,1,1
BRDA:212,9,0,5
BRDA:212,9,1,122
BRF:20
BRH:17
end_of_record
TN:
SF:src/pages/dashboards/client/Interventions.jsx
FN:9,Interventions
FN:19,(anonymous_1)
FN:28,(anonymous_2)
FN:30,(anonymous_3)
FN:35,(anonymous_4)
FN:73,(anonymous_5)
FN:95,(anonymous_6)
FNF:7
FNH:7
FNDA:20,Interventions
FNDA:8,(anonymous_1)
FNDA:10,(anonymous_2)
FNDA:9,(anonymous_3)
FNDA:1,(anonymous_4)
FNDA:27,(anonymous_5)
FNDA:16,(anonymous_6)
DA:10,20
DA:11,20
DA:13,20
DA:14,20
DA:15,20
DA:16,20
DA:17,20
DA:19,20
DA:22,8
DA:23,1
DA:28,20
DA:29,10
DA:31,9
DA:32,9
DA:33,9
DA:35,1
DA:38,20
DA:74,27
DA:96,16
DA:97,16
DA:98,16
LF:21
LH:21
BRDA:17,0,0,20
BRDA:17,0,1,19
BRDA:22,1,0,1
BRDA:22,1,1,7
BRDA:32,2,0,9
BRDA:32,2,1,0
BRDA:32,2,2,0
BRDA:33,3,0,9
BRDA:33,3,1,0
BRDA:58,4,0,20
BRDA:58,4,1,3
BRDA:65,5,0,20
BRDA:65,5,1,1
BRDA:71,6,0,20
BRDA:71,6,1,19
BRDA:71,6,2,9
BRDA:79,7,0,20
BRDA:79,7,1,19
BRDA:79,7,2,10
BRDA:79,7,3,1
BRDA:92,8,0,20
BRDA:92,8,1,19
BRDA:92,8,2,10
BRDA:92,8,3,9
BRDA:96,9,0,16
BRDA:96,9,1,0
BRDA:111,10,0,16
BRDA:111,10,1,16
BRDA:116,11,0,16
BRDA:116,11,1,9
BRDA:136,12,0,9
BRDA:136,12,1,9
BRF:32
BRH:28
end_of_record
TN:
SF:src/pages/dashboards/client/OrderDetail.jsx
FN:9,OrderDetail
FN:19,(anonymous_1)
FN:26,(anonymous_2)
FN:28,(anonymous_3)
FN:29,(anonymous_4)
FN:127,(anonymous_5)
FNF:6
FNH:6
FNDA:15,OrderDetail
FNDA:7,(anonymous_1)
FNDA:7,(anonymous_2)
FNDA:4,(anonymous_3)
FNDA:3,(anonymous_4)
FNDA:4,(anonymous_5)
DA:10,15
DA:11,15
DA:12,15
DA:13,15
DA:14,15
DA:15,15
DA:16,15
DA:17,15
DA:19,15
DA:20,7
DA:21,1
DA:26,15
DA:27,7
DA:28,4
DA:30,3
DA:31,2
DA:32,1
DA:36,15
DA:37,1
DA:51,14
DA:52,1
DA:66,13
DA:67,1
DA:83,12
DA:84,8
DA:92,4
DA:94,15
DA:128,4
LF:28
LH:28
BRDA:17,0,0,15
BRDA:17,0,1,14
BRDA:20,1,0,1
BRDA:20,1,1,6
BRDA:30,2,0,1
BRDA:30,2,1,2
BRDA:31,3,0,1
BRDA:31,3,1,1
BRDA:36,4,0,1
BRDA:36,4,1,14
BRDA:51,5,0,1
BRDA:51,5,1,13
BRDA:66,6,0,1
BRDA:66,6,1,12
BRDA:83,7,0,8
BRDA:83,7,1,4
BRDA:92,8,0,4
BRDA:92,8,1,0
BRDA:96,9,0,15
BRDA:96,9,1,1
BRDA:127,10,0,15
BRDA:127,10,1,0
BRDA:135,11,0,4
BRDA:135,11,1,0
BRF:24
BRH:21
end_of_record
TN:
SF:src/pages/dashboards/client/Orders.jsx
FN:11,Orders
FN:17,(anonymous_1)
FN:19,(anonymous_2)
FN:24,(anonymous_3)
FN:47,(anonymous_4)
FN:69,(anonymous_5)
FNF:6
FNH:6
FNDA:20,Orders
FNDA:10,(anonymous_1)
FNDA:9,(anonymous_2)
FNDA:1,(anonymous_3)
FNDA:32,(anonymous_4)
FNDA:18,(anonymous_5)
DA:12,20
DA:13,20
DA:14,20
DA:15,20
DA:17,20
DA:18,10
DA:20,9
DA:21,9
DA:22,9
DA:24,1
DA:27,20
DA:48,32
DA:70,18
DA:71,18
LF:14
LH:14
BRDA:21,0,0,9
BRDA:21,0,1,0
BRDA:21,0,2,0
BRDA:22,1,0,9
BRDA:22,1,1,0
BRDA:39,2,0,20
BRDA:39,2,1,1
BRDA:45,3,0,20
BRDA:45,3,1,19
BRDA:45,3,2,8
BRDA:53,4,0,20
BRDA:53,4,1,19
BRDA:53,4,2,11
BRDA:53,4,3,1
BRDA:66,5,0,20
BRDA:66,5,1,19
BRDA:66,5,2,11
BRDA:66,5,3,10
BRDA:70,6,0,18
BRDA:70,6,1,0
BRDA:86,7,0,18
BRDA:86,7,1,0
BRDA:108,8,0,10
BRDA:108,8,1,10
BRF:24
BRH:19
end_of_record
TN:
SF:src/pages/dashboards/commercial/CommercialDashboard.jsx
FN:7,CommercialDashboard
FN:12,(anonymous_1)
FN:15,load
FN:31,(anonymous_3)
FN:46,(anonymous_4)
FN:86,(anonymous_5)
FN:107,(anonymous_6)
FNF:7
FNH:7
FNDA:10,CommercialDashboard
FNDA:5,(anonymous_1)
FNDA:5,load
FNDA:5,(anonymous_3)
FNDA:8,(anonymous_4)
FNDA:4,(anonymous_5)
FNDA:3,(anonymous_6)
DA:8,10
DA:9,10
DA:10,10
DA:12,10
DA:13,5
DA:16,5
DA:17,5
DA:21,4
DA:22,4
DA:23,4
DA:26,1
DA:30,5
DA:31,5
DA:34,10
DA:35,1
DA:38,9
DA:39,5
DA:46,8
DA:48,4
DA:87,4
DA:108,3
LF:21
LH:21
BRDA:21,0,0,4
BRDA:21,0,1,0
BRDA:26,1,0,1
BRDA:26,1,1,0
BRDA:34,2,0,1
BRDA:34,2,1,9
BRDA:38,3,0,5
BRDA:38,3,1,4
BRDA:38,4,0,9
BRDA:38,4,1,4
BRDA:82,5,0,0
BRDA:82,5,1,4
BRDA:103,6,0,1
BRDA:103,6,1,3
BRDA:114,7,0,3
BRDA:114,7,1,0
BRF:16
BRH:12
end_of_record
TN:
SF:src/pages/dashboards/commercial/OrderDetail.jsx
FN:27,OrderDetail
FN:35,(anonymous_1)
FN:41,(anonymous_2)
FN:42,(anonymous_3)
FN:45,(anonymous_4)
FN:48,(anonymous_5)
FN:53,handleAction
FN:130,(anonymous_7)
FN:159,(anonymous_8)
FN:162,(anonymous_9)
FNF:10
FNH:10
FNDA:20,OrderDetail
FNDA:8,(anonymous_1)
FNDA:7,(anonymous_2)
FNDA:1,(anonymous_3)
FNDA:8,(anonymous_4)
FNDA:8,(anonymous_5)
FNDA:2,handleAction
FNDA:11,(anonymous_7)
FNDA:20,(anonymous_8)
FNDA:2,(anonymous_9)
DA:11,4
DA:28,20
DA:29,20
DA:30,20
DA:31,20
DA:32,20
DA:33,20
DA:35,20
DA:36,8
DA:37,8
DA:39,8
DA:41,7
DA:43,1
DA:45,8
DA:48,20
DA:50,8
DA:54,2
DA:55,2
DA:57,2
DA:58,2
DA:61,1
DA:64,1
DA:69,1
DA:71,2
DA:75,20
DA:76,8
DA:83,12
DA:84,1
DA:94,11
DA:96,20
DA:131,11
DA:160,20
DA:162,2
LF:33
LH:33
BRDA:43,0,0,1
BRDA:43,0,1,0
BRDA:64,1,0,1
BRDA:64,1,1,0
BRDA:65,2,0,1
BRDA:65,2,1,0
BRDA:65,2,2,0
BRDA:75,3,0,8
BRDA:75,3,1,12
BRDA:83,4,0,1
BRDA:83,4,1,11
BRDA:94,5,0,11
BRDA:94,5,1,0
BRDA:112,6,0,20
BRDA:112,6,1,0
BRDA:149,7,0,20
BRDA:149,7,1,0
BRDA:155,8,0,20
BRDA:155,8,1,10
BRDA:166,9,0,4
BRDA:166,9,1,16
BRDA:170,10,0,10
BRDA:170,10,1,1
BRF:23
BRH:16
end_of_record
TN:
SF:src/pages/dashboards/commercial/Orders.jsx
FN:7,Orders
FN:16,(anonymous_1)
FN:24,(anonymous_2)
FN:25,(anonymous_3)
FN:26,(anonymous_4)
FN:28,(anonymous_5)
FN:31,handleValidate
FN:33,(anonymous_7)
FN:40,(anonymous_8)
FN:42,(anonymous_9)
FN:49,(anonymous_10)
FN:63,(anonymous_11)
FN:66,(anonymous_12)
FN:104,(anonymous_13)
FN:118,(anonymous_14)
FN:145,(anonymous_15)
FN:145,(anonymous_16)
FN:153,(anonymous_17)
FN:153,(anonymous_18)
FNF:19
FNH:14
FNDA:21,Orders
FNDA:8,(anonymous_1)
FNDA:8,(anonymous_2)
FNDA:0,(anonymous_3)
FNDA:8,(anonymous_4)
FNDA:8,(anonymous_5)
FNDA:2,handleValidate
FNDA:2,(anonymous_7)
FNDA:1,(anonymous_8)
FNDA:1,(anonymous_9)
FNDA:1,(anonymous_10)
FNDA:126,(anonymous_11)
FNDA:1,(anonymous_12)
FNDA:12,(anonymous_13)
FNDA:2,(anonymous_14)
FNDA:0,(anonymous_15)
FNDA:0,(anonymous_16)
FNDA:0,(anonymous_17)
FNDA:0,(anonymous_18)
DA:8,21
DA:9,21
DA:10,21
DA:11,21
DA:12,21
DA:13,21
DA:14,21
DA:16,21
DA:17,8
DA:19,8
DA:20,8
DA:22,8
DA:24,8
DA:25,0
DA:26,8
DA:28,8
DA:32,2
DA:33,2
DA:35,2
DA:36,2
DA:40,1
DA:42,1
DA:46,1
DA:49,1
DA:51,2
DA:55,21
DA:64,126
DA:66,1
DA:105,12
DA:118,2
DA:145,0
DA:153,0
LF:32
LH:29
BRDA:23,0,0,8
BRDA:23,0,1,7
BRDA:24,1,0,8
BRDA:24,1,1,0
BRDA:25,2,0,0
BRDA:25,2,1,0
BRDA:26,3,0,8
BRDA:26,3,1,0
BRDA:42,4,0,1
BRDA:42,4,1,0
BRDA:46,5,0,1
BRDA:46,5,1,0
BRDA:47,6,0,1
BRDA:47,6,1,0
BRDA:69,7,0,21
BRDA:69,7,1,105
BRDA:79,8,0,21
BRDA:79,8,1,8
BRDA:85,9,0,21
BRDA:85,9,1,13
BRDA:85,9,2,0
BRDA:87,10,0,21
BRDA:87,10,1,13
BRDA:87,10,2,13
BRDA:87,10,3,13
BRDA:89,11,0,1
BRDA:89,11,1,12
BRDA:110,12,0,12
BRDA:110,12,1,0
BRDA:116,13,0,12
BRDA:116,13,1,11
BRDA:122,14,0,2
BRDA:122,14,1,9
BRDA:132,15,0,12
BRDA:132,15,1,1
BRF:35
BRH:26
end_of_record
TN:
SF:src/pages/dashboards/commercial/Stock.jsx
FN:5,Stock
FN:13,(anonymous_1)
FN:21,(anonymous_2)
FN:22,(anonymous_3)
FN:23,(anonymous_4)
FN:25,(anonymous_5)
FN:28,handleNotify
FN:32,(anonymous_7)
FN:69,(anonymous_8)
FN:94,(anonymous_9)
FN:120,(anonymous_10)
FN:120,(anonymous_11)
FN:128,(anonymous_12)
FN:128,(anonymous_13)
FNF:14
FNH:12
FNDA:15,Stock
FNDA:6,(anonymous_1)
FNDA:5,(anonymous_2)
FNDA:1,(anonymous_3)
FNDA:6,(anonymous_4)
FNDA:6,(anonymous_5)
FNDA:1,handleNotify
FNDA:1,(anonymous_7)
FNDA:16,(anonymous_8)
FNDA:1,(anonymous_9)
FNDA:0,(anonymous_10)
FNDA:0,(anonymous_11)
FNDA:1,(anonymous_12)
FNDA:1,(anonymous_13)
DA:6,15
DA:7,15
DA:8,15
DA:9,15
DA:10,15
DA:11,15
DA:13,15
DA:14,6
DA:16,6
DA:17,6
DA:19,6
DA:21,5
DA:22,1
DA:23,6
DA:25,6
DA:29,1
DA:30,1
DA:31,1
DA:32,1
DA:36,1
DA:40,15
DA:70,16
DA:71,16
DA:73,16
DA:94,1
DA:120,0
DA:128,1
LF:27
LH:26
BRDA:21,0,0,5
BRDA:21,0,1,0
BRDA:22,1,0,1
BRDA:22,1,1,0
BRDA:23,2,0,6
BRDA:23,2,1,0
BRDA:47,3,0,15
BRDA:47,3,1,6
BRDA:53,4,0,15
BRDA:53,4,1,9
BRDA:53,4,2,1
BRDA:55,5,0,15
BRDA:55,5,1,9
BRDA:55,5,2,8
BRDA:55,5,3,8
BRDA:77,6,0,8
BRDA:77,6,1,8
BRDA:81,7,0,8
BRDA:81,7,1,8
BRDA:92,8,0,16
BRDA:92,8,1,8
BRDA:95,9,0,8
BRDA:95,9,1,7
BRDA:98,10,0,1
BRDA:98,10,1,7
BRDA:105,11,0,1
BRDA:105,11,1,6
BRF:27
BRH:24
end_of_record
TN:
SF:src/pages/public/About.jsx
FN:40,About
FN:112,(anonymous_1)
FN:146,(anonymous_2)
FN:192,(anonymous_3)
FN:193,(anonymous_4)
FNF:5
FNH:5
FNDA:7,About
FNDA:28,(anonymous_1)
FNDA:21,(anonymous_2)
FNDA:1,(anonymous_3)
FNDA:1,(anonymous_4)
DA:4,4
DA:12,4
DA:19,4
DA:41,7
DA:113,28
DA:147,21
DA:148,21
DA:192,1
DA:193,1
LF:9
LH:9
BRF:0
BRH:0
end_of_record
TN:
SF:src/pages/public/Cart.jsx
FN:7,Cart
FN:15,(anonymous_1)
FN:24,(anonymous_2)
FN:65,(anonymous_3)
FN:83,(anonymous_4)
FN:92,(anonymous_5)
FN:106,(anonymous_6)
FN:145,(anonymous_7)
FNF:8
FNH:8
FNDA:26,Cart
FNDA:7,(anonymous_1)
FNDA:4,(anonymous_2)
FNDA:50,(anonymous_3)
FNDA:1,(anonymous_4)
FNDA:2,(anonymous_5)
FNDA:1,(anonymous_6)
FNDA:1,(anonymous_7)
DA:8,26
DA:9,26
DA:10,26
DA:11,26
DA:12,26
DA:13,26
DA:15,26
DA:16,7
DA:17,1
DA:18,1
DA:20,6
DA:21,6
DA:24,26
DA:25,4
DA:26,4
DA:28,4
DA:29,4
DA:30,2
DA:34,2
DA:35,2
DA:38,2
DA:40,4
DA:44,26
DA:45,1
DA:60,25
DA:66,50
DA:83,1
DA:92,2
DA:106,1
DA:145,1
LF:30
LH:30
BRDA:16,0,0,1
BRDA:16,0,1,6
BRDA:36,1,0,2
BRDA:36,1,1,1
BRDA:44,2,0,1
BRDA:44,2,1,25
BRDA:70,3,0,25
BRDA:70,3,1,25
BRDA:93,4,0,50
BRDA:93,4,1,50
BRDA:118,5,0,25
BRDA:118,5,1,2
BRDA:129,6,0,13
BRDA:129,6,1,12
BRDA:135,7,0,9
BRDA:135,7,1,4
BRDA:157,8,0,4
BRDA:157,8,1,8
BRF:18
BRH:18
end_of_record
TN:
SF:src/pages/public/Contact.jsx
FN:7,Contact
FN:99,(anonymous_1)
FN:103,(anonymous_2)
FN:115,(anonymous_3)
FN:119,(anonymous_4)
FN:131,(anonymous_5)
FN:135,(anonymous_6)
FNF:7
FNH:7
FNDA:13,Contact
FNDA:2,(anonymous_1)
FNDA:2,(anonymous_2)
FNDA:1,(anonymous_3)
FNDA:1,(anonymous_4)
FNDA:1,(anonymous_5)
FNDA:1,(anonymous_6)
DA:8,13
DA:100,2
DA:101,2
DA:104,2
DA:105,2
DA:116,1
DA:117,1
DA:120,1
DA:121,1
DA:132,1
DA:133,1
DA:136,1
DA:137,1
LF:13
LH:13
BRF:0
BRH:0
end_of_record
TN:
SF:src/pages/public/Home.jsx
FN:20,FeaturedProductSkeleton
FN:34,Home
FN:38,(anonymous_2)
FN:41,fetchFeaturedProducts
FN:43,(anonymous_4)
FN:67,(anonymous_5)
FN:184,(anonymous_6)
FN:334,(anonymous_7)
FN:341,(anonymous_8)
FNF:9
FNH:9
FNDA:36,FeaturedProductSkeleton
FNDA:16,Home
FNDA:12,(anonymous_2)
FNDA:12,fetchFeaturedProducts
FNDA:12,(anonymous_4)
FNDA:12,(anonymous_5)
FNDA:3,(anonymous_6)
FNDA:33,(anonymous_7)
FNDA:165,(anonymous_8)
DA:21,36
DA:35,16
DA:36,16
DA:38,16
DA:39,12
DA:42,12
DA:43,12
DA:45,12
DA:46,12
DA:51,4
DA:52,3
DA:55,1
DA:56,1
DA:57,1
DA:60,5
DA:61,4
DA:66,12
DA:67,12
DA:68,12
DA:72,16
DA:185,3
DA:335,33
DA:342,165
LF:23
LH:23
BRDA:51,0,0,3
BRDA:51,0,1,1
BRDA:52,1,0,3
BRDA:52,1,1,0
BRDA:56,2,0,1
BRDA:56,2,1,0
BRDA:60,3,0,4
BRDA:60,3,1,1
BRDA:177,4,0,12
BRDA:177,4,1,4
BRDA:183,5,0,1
BRDA:183,5,1,3
BRF:12
BRH:10
end_of_record
TN:
SF:src/pages/public/Login.jsx
FN:7,Login
FN:16,(anonymous_1)
FN:18,(anonymous_2)
FN:21,(anonymous_3)
FN:99,(anonymous_4)
FN:99,(anonymous_5)
FN:123,(anonymous_6)
FN:124,(anonymous_7)
FNF:8
FNH:7
FNDA:244,Login
FNDA:213,(anonymous_1)
FNDA:213,(anonymous_2)
FNDA:8,(anonymous_3)
FNDA:2,(anonymous_4)
FNDA:2,(anonymous_5)
FNDA:8,(anonymous_6)
FNDA:0,(anonymous_7)
DA:8,244
DA:9,244
DA:11,244
DA:12,244
DA:13,244
DA:14,244
DA:16,244
DA:17,213
DA:18,213
DA:21,244
DA:22,8
DA:23,8
DA:25,8
DA:26,1
DA:27,1
DA:30,7
DA:31,7
DA:32,7
DA:33,5
DA:35,2
DA:36,1
DA:38,1
DA:41,7
DA:45,244
DA:99,2
DA:123,8
DA:124,0
LF:27
LH:26
BRDA:25,0,0,1
BRDA:25,0,1,7
BRDA:25,1,0,8
BRDA:25,1,1,7
BRDA:33,2,0,5
BRDA:33,2,1,1
BRDA:35,3,0,1
BRDA:35,3,1,1
BRDA:62,4,0,244
BRDA:62,4,1,3
BRDA:90,5,0,1
BRDA:90,5,1,243
BRDA:101,6,0,1
BRDA:101,6,1,243
BRDA:103,7,0,1
BRDA:103,7,1,243
BRDA:123,8,0,8
BRDA:123,8,1,8
BRDA:124,9,0,0
BRDA:124,9,1,0
BRDA:126,10,0,7
BRDA:126,10,1,237
BRF:22
BRH:20
end_of_record
TN:
SF:src/pages/public/ProductDetail.jsx
FN:14,ProductDetail
FN:23,ProductDetailView
FN:37,(anonymous_2)
FN:43,(anonymous_3)
FN:44,(anonymous_4)
FN:47,(anonymous_5)
FN:50,(anonymous_6)
FN:58,(anonymous_7)
FN:62,(anonymous_8)
FN:69,(anonymous_9)
FN:70,(anonymous_10)
FN:73,(anonymous_11)
FN:116,(anonymous_12)
FN:125,(anonymous_13)
FN:127,(anonymous_14)
FN:131,(anonymous_15)
FN:182,(anonymous_16)
FN:185,(anonymous_17)
FN:232,(anonymous_18)
FN:233,(anonymous_19)
FN:255,(anonymous_20)
FN:256,(anonymous_21)
FN:277,(anonymous_22)
FN:296,(anonymous_23)
FN:323,(anonymous_24)
FN:355,(anonymous_25)
FN:356,(anonymous_26)
FNF:27
FNH:21
FNDA:12,ProductDetail
FNDA:32,ProductDetailView
FNDA:12,(anonymous_2)
FNDA:12,(anonymous_3)
FNDA:12,(anonymous_4)
FNDA:10,(anonymous_5)
FNDA:2,(anonymous_6)
FNDA:12,(anonymous_7)
FNDA:22,(anonymous_8)
FNDA:10,(anonymous_9)
FNDA:3,(anonymous_10)
FNDA:0,(anonymous_11)
FNDA:1,(anonymous_12)
FNDA:1,(anonymous_13)
FNDA:1,(anonymous_14)
FNDA:1,(anonymous_15)
FNDA:34,(anonymous_16)
FNDA:1,(anonymous_17)
FNDA:1,(anonymous_18)
FNDA:0,(anonymous_19)
FNDA:0,(anonymous_20)
FNDA:0,(anonymous_21)
FNDA:72,(anonymous_22)
FNDA:72,(anonymous_23)
FNDA:2,(anonymous_24)
FNDA:0,(anonymous_25)
FNDA:0,(anonymous_26)
DA:12,4
DA:15,12
DA:20,12
DA:24,32
DA:25,32
DA:26,32
DA:27,32
DA:28,32
DA:30,32
DA:32,32
DA:37,32
DA:40,32
DA:41,32
DA:43,32
DA:44,12
DA:46,12
DA:48,10
DA:51,2
DA:52,1
DA:54,1
DA:55,1
DA:58,12
DA:62,32
DA:63,22
DA:64,12
DA:67,10
DA:70,10
DA:71,10
DA:73,0
DA:76,32
DA:77,12
DA:80,20
DA:81,1
DA:99,19
DA:100,1
DA:111,18
DA:112,18
DA:116,32
DA:117,1
DA:124,1
DA:125,1
DA:127,32
DA:128,1
DA:129,1
DA:130,1
DA:131,1
DA:137,32
DA:183,34
DA:185,1
DA:232,1
DA:233,0
DA:255,0
DA:256,0
DA:278,72
DA:297,72
DA:324,2
DA:355,0
DA:356,0
LF:58
LH:52
BRDA:51,0,0,1
BRDA:51,0,1,1
BRDA:63,1,0,12
BRDA:63,1,1,10
BRDA:70,2,0,10
BRDA:70,2,1,0
BRDA:76,3,0,12
BRDA:76,3,1,20
BRDA:80,4,0,1
BRDA:80,4,1,19
BRDA:99,5,0,1
BRDA:99,5,1,18
BRDA:112,6,0,18
BRDA:112,6,1,0
BRDA:146,7,0,32
BRDA:146,7,1,18
BRDA:170,8,0,32
BRDA:170,8,1,17
BRDA:180,9,0,32
BRDA:180,9,1,17
BRDA:187,10,0,17
BRDA:187,10,1,17
BRDA:202,11,0,32
BRDA:202,11,1,18
BRDA:231,12,0,1
BRDA:231,12,1,17
BRDA:232,13,0,1
BRDA:232,13,1,1
BRDA:232,13,2,1
BRDA:233,14,0,0
BRDA:233,14,1,0
BRDA:233,14,2,0
BRDA:235,15,0,1
BRDA:235,15,1,17
BRDA:237,16,0,1
BRDA:237,16,1,17
BRDA:237,17,0,1
BRDA:237,17,1,16
BRDA:310,18,0,32
BRDA:310,18,1,1
BRF:40
BRH:35
end_of_record
TN:
SF:src/pages/public/Products.jsx
FN:16,Products
FN:33,(anonymous_1)
FN:36,(anonymous_2)
FN:37,(anonymous_3)
FN:41,(anonymous_4)
FN:42,(anonymous_5)
FN:46,(anonymous_6)
FN:50,(anonymous_7)
FN:53,(anonymous_8)
FN:63,(anonymous_9)
FN:83,(anonymous_10)
FN:88,(anonymous_11)
FN:93,(anonymous_12)
FN:123,(anonymous_13)
FN:123,(anonymous_14)
FN:147,(anonymous_15)
FN:153,(anonymous_16)
FN:154,(anonymous_17)
FN:159,(anonymous_18)
FN:162,(anonymous_19)
FN:204,(anonymous_20)
FN:217,(anonymous_21)
FN:229,(anonymous_22)
FN:230,(anonymous_23)
FN:244,(anonymous_24)
FN:255,(anonymous_25)
FN:264,(anonymous_26)
FN:282,(anonymous_27)
FN:282,(anonymous_28)
FN:289,(anonymous_29)
FN:289,(anonymous_30)
FN:292,(anonymous_31)
FN:305,(anonymous_32)
FN:305,(anonymous_33)
FN:321,(anonymous_34)
FN:322,(anonymous_35)
FN:344,(anonymous_36)
FN:345,(anonymous_37)
FN:352,(anonymous_38)
FN:353,(anonymous_39)
FNF:40
FNH:25
FNDA:56,Products
FNDA:9,(anonymous_1)
FNDA:9,(anonymous_2)
FNDA:0,(anonymous_3)
FNDA:20,(anonymous_4)
FNDA:8,(anonymous_5)
FNDA:20,(anonymous_6)
FNDA:14,(anonymous_7)
FNDA:14,(anonymous_8)
FNDA:14,(anonymous_9)
FNDA:14,(anonymous_10)
FNDA:1,(anonymous_11)
FNDA:1,(anonymous_12)
FNDA:2,(anonymous_13)
FNDA:2,(anonymous_14)
FNDA:0,(anonymous_15)
FNDA:0,(anonymous_16)
FNDA:0,(anonymous_17)
FNDA:14,(anonymous_18)
FNDA:1,(anonymous_19)
FNDA:1,(anonymous_20)
FNDA:0,(anonymous_21)
FNDA:1,(anonymous_22)
FNDA:0,(anonymous_23)
FNDA:11,(anonymous_24)
FNDA:174,(anonymous_25)
FNDA:47,(anonymous_26)
FNDA:0,(anonymous_27)
FNDA:0,(anonymous_28)
FNDA:6,(anonymous_29)
FNDA:6,(anonymous_30)
FNDA:1,(anonymous_31)
FNDA:0,(anonymous_32)
FNDA:0,(anonymous_33)
FNDA:1,(anonymous_34)
FNDA:0,(anonymous_35)
FNDA:0,(anonymous_36)
FNDA:0,(anonymous_37)
FNDA:0,(anonymous_38)
FNDA:0,(anonymous_39)
DA:10,4
DA:11,4
DA:12,4
DA:13,4
DA:14,4
DA:17,56
DA:18,56
DA:19,56
DA:20,56
DA:21,56
DA:22,56
DA:23,56
DA:24,56
DA:26,56
DA:27,56
DA:28,56
DA:29,56
DA:30,56
DA:33,56
DA:34,9
DA:36,9
DA:37,0
DA:41,56
DA:42,20
DA:43,8
DA:44,8
DA:46,20
DA:50,56
DA:51,14
DA:53,14
DA:54,14
DA:55,14
DA:57,14
DA:58,14
DA:59,14
DA:60,14
DA:61,14
DA:63,14
DA:65,14
DA:66,14
DA:67,13
DA:68,7
DA:69,7
DA:70,14
DA:71,14
DA:73,1
DA:74,1
DA:75,1
DA:77,14
DA:81,14
DA:83,14
DA:84,14
DA:88,56
DA:89,1
DA:90,1
DA:93,56
DA:94,1
DA:95,1
DA:96,1
DA:97,1
DA:98,1
DA:99,1
DA:102,56
DA:123,2
DA:148,0
DA:149,0
DA:153,0
DA:154,0
DA:160,14
DA:163,1
DA:164,1
DA:205,1
DA:206,1
DA:218,0
DA:219,0
DA:229,1
DA:230,0
DA:244,11
DA:256,174
DA:265,47
DA:282,0
DA:289,6
DA:290,6
DA:292,1
DA:305,0
DA:321,1
DA:322,0
DA:344,0
DA:345,0
DA:352,0
DA:353,0
LF:91
LH:76
BRDA:36,0,0,9
BRDA:36,0,1,0
BRDA:36,0,2,0
BRDA:58,1,0,1
BRDA:58,1,1,13
BRDA:59,2,0,1
BRDA:59,2,1,13
BRDA:60,3,0,1
BRDA:60,3,1,13
BRDA:61,4,0,0
BRDA:61,4,1,14
BRDA:67,5,0,6
BRDA:67,5,1,7
BRDA:69,6,0,7
BRDA:69,6,1,0
BRDA:70,7,0,14
BRDA:70,7,1,0
BRDA:71,8,0,14
BRDA:71,8,1,0
BRDA:71,8,2,0
BRDA:73,9,0,0
BRDA:73,9,1,1
BRDA:77,10,0,8
BRDA:77,10,1,6
BRDA:126,11,0,7
BRDA:126,11,1,49
BRDA:131,12,0,7
BRDA:131,12,1,49
BRDA:136,13,0,55
BRDA:136,13,1,1
BRDA:140,14,0,56
BRDA:140,14,1,7
BRDA:167,15,0,2
BRDA:167,15,1,12
BRDA:171,16,0,2
BRDA:171,16,1,12
BRDA:253,17,0,29
BRDA:253,17,1,27
BRDA:259,18,0,1
BRDA:259,18,1,26
BRDA:261,19,0,24
BRDA:261,19,1,2
BRDA:279,20,0,24
BRDA:279,20,1,2
BRDA:294,21,0,2
BRDA:294,21,1,4
BRDA:298,22,0,2
BRDA:298,22,1,4
BRF:48
BRH:40
end_of_record
TN:
SF:src/pages/public/Register.jsx
FN:6,Register
FN:24,(anonymous_1)
FN:26,(anonymous_2)
FN:27,(anonymous_3)
FN:30,(anonymous_4)
FN:32,(anonymous_5)
FN:35,(anonymous_6)
FN:174,(anonymous_7)
FN:174,(anonymous_8)
FN:202,(anonymous_9)
FN:202,(anonymous_10)
FN:226,(anonymous_11)
FN:227,(anonymous_12)
FNF:13
FNH:12
FNDA:277,Register
FNDA:10,(anonymous_1)
FNDA:0,(anonymous_2)
FNDA:2,(anonymous_3)
FNDA:254,(anonymous_4)
FNDA:254,(anonymous_5)
FNDA:7,(anonymous_6)
FNDA:2,(anonymous_7)
FNDA:2,(anonymous_8)
FNDA:1,(anonymous_9)
FNDA:1,(anonymous_10)
FNDA:7,(anonymous_11)
FNDA:2,(anonymous_12)
DA:7,277
DA:8,277
DA:10,277
DA:17,277
DA:18,277
DA:19,277
DA:20,277
DA:21,277
DA:22,277
DA:24,277
DA:25,10
DA:26,2
DA:27,2
DA:30,277
DA:31,254
DA:32,254
DA:35,277
DA:36,7
DA:37,7
DA:38,7
DA:40,7
DA:41,1
DA:42,1
DA:44,6
DA:45,1
DA:46,1
DA:48,5
DA:49,1
DA:50,1
DA:53,4
DA:54,4
DA:55,4
DA:62,2
DA:64,2
DA:65,1
DA:66,1
DA:68,1
DA:71,4
DA:75,277
DA:174,2
DA:202,1
DA:226,7
DA:227,2
LF:43
LH:43
BRDA:25,0,0,8
BRDA:25,0,1,2
BRDA:40,1,0,1
BRDA:40,1,1,6
BRDA:40,2,0,7
BRDA:40,2,1,6
BRDA:40,2,2,6
BRDA:40,2,3,6
BRDA:44,3,0,1
BRDA:44,3,1,5
BRDA:48,4,0,1
BRDA:48,4,1,4
BRDA:58,5,0,4
BRDA:58,5,1,3
BRDA:64,6,0,1
BRDA:64,6,1,1
BRDA:65,7,0,1
BRDA:65,7,1,0
BRDA:92,8,0,277
BRDA:92,8,1,61
BRDA:98,9,0,277
BRDA:98,9,1,2
BRDA:117,10,0,277
BRDA:117,10,1,0
BRDA:135,11,0,277
BRDA:135,11,1,1
BRDA:153,12,0,277
BRDA:153,12,1,0
BRDA:165,13,0,1
BRDA:165,13,1,276
BRDA:176,14,0,1
BRDA:176,14,1,276
BRDA:178,15,0,1
BRDA:178,15,1,276
BRDA:181,16,0,277
BRDA:181,16,1,1
BRDA:193,17,0,1
BRDA:193,17,1,276
BRDA:204,18,0,1
BRDA:204,18,1,276
BRDA:206,19,0,1
BRDA:206,19,1,276
BRDA:226,20,0,7
BRDA:226,20,1,7
BRDA:227,21,0,2
BRDA:227,21,1,2
BRDA:229,22,0,4
BRDA:229,22,1,273
BRF:48
BRH:45
end_of_record
TN:
SF:src/pages/public/Services.jsx
FN:21,Services
FN:100,(anonymous_1)
FN:104,(anonymous_2)
FN:115,(anonymous_3)
FN:286,(anonymous_4)
FN:287,(anonymous_5)
FNF:6
FNH:6
FNDA:10,Services
FNDA:1,(anonymous_1)
FNDA:1,(anonymous_2)
FNDA:20,(anonymous_3)
FNDA:1,(anonymous_4)
FNDA:1,(anonymous_5)
DA:16,4
DA:22,10
DA:101,1
DA:102,1
DA:105,1
DA:106,1
DA:116,20
DA:117,20
DA:286,1
DA:287,1
LF:10
LH:10
BRDA:116,0,0,20
BRDA:116,0,1,0
BRF:2
BRH:1
end_of_record
TN:
SF:src/routes/ProtectedRoute.jsx
FN:5,ProtectedRoute
FNF:1
FNH:1
FNDA:5,ProtectedRoute
DA:6,5
DA:8,5
DA:9,1
DA:16,4
DA:17,3
DA:18,1
DA:22,2
LF:7
LH:7
BRDA:8,0,0,1
BRDA:8,0,1,4
BRDA:16,1,0,1
BRDA:16,1,1,3
BRDA:17,2,0,1
BRDA:17,2,1,2
BRDA:17,3,0,3
BRDA:17,3,1,2
BRDA:22,4,0,2
BRDA:22,4,1,0
BRF:10
BRH:9
end_of_record
TN:
SF:src/services/api.js
FN:5,(anonymous_0)
FNF:1
FNH:1
FNDA:3,(anonymous_0)
DA:3,3
DA:5,3
DA:6,3
DA:7,3
DA:8,3
LF:5
LH:5
BRDA:7,0,0,2
BRDA:7,0,1,1
BRF:2
BRH:2
end_of_record
